Traceback (most recent call last):
  File "ttm.py", line 205, in <module>
    main()
  File "ttm.py", line 196, in main
    ttm.ttm_learning(filenames, options.filedir, path_log)
  File "ttm.py", line 128, in ttm_learning
    (self.docs_id, self.docs) = vocabulary.load_file(filedir, filenames[p])
  File "/Users/yagi/Developer/M1/competition/DataComp/Yagi/TTM/ttm/vocabulary.py", line 16, in load_file
    f = open('./' + filedir + '/' + filename, 'r')
IsADirectoryError: [Errno 21] Is a directory: './../data/baskets_kmeans_10/baskets_per_month'
Traceback (most recent call last):
  File "ttm.py", line 205, in <module>
    main()
  File "ttm.py", line 196, in main
    ttm.ttm_learning(filenames, options.filedir, path_log)
  File "ttm.py", line 128, in ttm_learning
    (self.docs_id, self.docs) = vocabulary.load_file(filedir, filenames[p])
  File "/Users/yagi/Developer/M1/competition/DataComp/Yagi/TTM/ttm/vocabulary.py", line 16, in load_file
    f = open('./' + filedir + '/' + filename, 'r')
IsADirectoryError: [Errno 21] Is a directory: './../data/baskets_kmeans_10/baskets_per_month'
Traceback (most recent call last):
  File "ttm.py", line 205, in <module>
    main()
  File "ttm.py", line 196, in main
    ttm.ttm_learning(filenames, options.filedir, path_log)
  File "ttm.py", line 128, in ttm_learning
    (self.docs_id, self.docs) = vocabulary.load_file(filedir, filenames[p])
  File "/Users/yagi/Developer/M1/competition/DataComp/Yagi/TTM/ttm/vocabulary.py", line 16, in load_file
    f = open('./' + filedir + '/' + filename, 'r')
IsADirectoryError: [Errno 21] Is a directory: './../data/baskets_kmeans_10/baskets_per_month'

======================================

              priod0

======================================

-- topic: 0 
0: 0.357020 
6: 0.239464 
9: 0.229311 
4: 0.100000 
2: 0.057787 
7: 0.016108 
1: 0.000078 
3: 0.000078 
8: 0.000078 
5: 0.000078 

-- topic: 1 
4: 0.325691 
2: 0.195053 
0: 0.137348 
8: 0.115709 
9: 0.098076 
6: 0.079643 
1: 0.037967 
7: 0.009916 
3: 0.000298 
5: 0.000298 

-- topic: 2 
0: 0.344278 
6: 0.220312 
2: 0.160120 
9: 0.112827 
4: 0.073415 
7: 0.043319 
1: 0.024689 
3: 0.018956 
8: 0.001759 
5: 0.000325 

-- topic: 3 
0: 0.267171 
4: 0.201164 
2: 0.179625 
6: 0.156002 
7: 0.087216 
8: 0.050391 
9: 0.042053 
1: 0.010092 
3: 0.005923 
5: 0.000364 

-- topic: 4 
3: 0.500100 
1: 0.360431 
2: 0.117362 
4: 0.016276 
7: 0.005473 
0: 0.000071 
9: 0.000071 
6: 0.000071 
8: 0.000071 
5: 0.000071 

-- topic: 5 
6: 0.389988 
9: 0.169526 
0: 0.156895 
4: 0.148858 
8: 0.061591 
7: 0.040923 
2: 0.031163 
5: 0.000735 
1: 0.000161 
3: 0.000161 

-- topic: 6 
0: 0.389737 
2: 0.160754 
9: 0.134901 
6: 0.128746 
4: 0.110895 
7: 0.074578 
1: 0.000097 
3: 0.000097 
8: 0.000097 
5: 0.000097 

-- topic: 7 
1: 0.492658 
3: 0.306821 
2: 0.187672 
4: 0.012506 
0: 0.000057 
9: 0.000057 
6: 0.000057 
7: 0.000057 
8: 0.000057 
5: 0.000057 

-- topic: 8 
1: 0.211228 
0: 0.203395 
3: 0.166189 
9: 0.128982 
2: 0.108420 
7: 0.064360 
4: 0.056527 
6: 0.049673 
8: 0.010508 
5: 0.000717 

-- topic: 9 
0: 0.282862 
6: 0.262251 
9: 0.260962 
7: 0.105088 
4: 0.047763 
2: 0.040678 
1: 0.000099 
3: 0.000099 
8: 0.000099 
5: 0.000099 

======================================

              priod1

======================================

-- topic: 0 
0: 0.298896 
6: 0.235849 
9: 0.184408 
4: 0.109581 
2: 0.101203 
7: 0.043323 
8: 0.020209 
3: 0.003915 
1: 0.002612 
5: 0.000005 

-- topic: 1 
4: 0.300956 
6: 0.160764 
0: 0.159328 
8: 0.149261 
2: 0.084022 
9: 0.050071 
7: 0.045601 
1: 0.040474 
3: 0.009516 
5: 0.000008 

-- topic: 2 
0: 0.265229 
6: 0.174873 
2: 0.152332 
4: 0.107211 
9: 0.103046 
1: 0.061387 
7: 0.053503 
3: 0.053136 
8: 0.029266 
5: 0.000017 

-- topic: 3 
0: 0.246842 
6: 0.196112 
2: 0.186978 
4: 0.168051 
9: 0.095352 
7: 0.046445 
8: 0.026570 
1: 0.022884 
3: 0.010746 
5: 0.000020 

-- topic: 4 
1: 0.397751 
3: 0.365934 
2: 0.144197 
4: 0.033790 
0: 0.024309 
7: 0.023811 
8: 0.007060 
6: 0.003140 
9: 0.000004 
5: 0.000004 

-- topic: 5 
0: 0.253617 
6: 0.240642 
4: 0.161160 
2: 0.112043 
9: 0.102638 
8: 0.069568 
7: 0.042959 
1: 0.010252 
3: 0.007099 
5: 0.000021 

-- topic: 6 
0: 0.345572 
6: 0.175764 
2: 0.124530 
4: 0.124387 
9: 0.122576 
7: 0.071615 
1: 0.027559 
3: 0.004358 
8: 0.003633 
5: 0.000007 

-- topic: 7 
1: 0.461739 
3: 0.318245 
2: 0.166929 
0: 0.018070 
4: 0.015199 
8: 0.011189 
7: 0.006028 
6: 0.002587 
9: 0.000007 
5: 0.000007 

-- topic: 8 
4: 0.187561 
1: 0.174183 
2: 0.152183 
0: 0.140767 
6: 0.095675 
8: 0.091952 
3: 0.077583 
9: 0.050701 
7: 0.029382 
5: 0.000013 

-- topic: 9 
0: 0.284122 
6: 0.227393 
4: 0.156235 
9: 0.135501 
2: 0.090301 
8: 0.060044 
7: 0.036270 
1: 0.010129 
3: 0.000001 
5: 0.000001 

======================================

              priod2

======================================

-- topic: 0 
0: 0.274991 
9: 0.222394 
6: 0.168193 
4: 0.134278 
2: 0.112960 
7: 0.058334 
8: 0.021012 
1: 0.005759 
3: 0.002079 
5: 0.000001 

-- topic: 1 
4: 0.227439 
8: 0.207057 
0: 0.200869 
6: 0.118118 
2: 0.100266 
9: 0.068559 
1: 0.032584 
7: 0.030256 
3: 0.014851 
5: 0.000001 

-- topic: 2 
0: 0.305311 
4: 0.162967 
9: 0.149117 
2: 0.123303 
6: 0.100922 
8: 0.078270 
1: 0.031002 
7: 0.030511 
3: 0.018596 
5: 0.000001 

-- topic: 3 
0: 0.254246 
6: 0.178074 
2: 0.169149 
4: 0.167251 
9: 0.114268 
7: 0.052051 
1: 0.031968 
8: 0.024395 
3: 0.008590 
5: 0.000008 

-- topic: 4 
3: 0.373666 
1: 0.343157 
2: 0.155600 
4: 0.056958 
0: 0.034171 
8: 0.017474 
7: 0.013490 
6: 0.005482 
9: 0.000001 
5: 0.000001 

-- topic: 5 
0: 0.282770 
9: 0.195555 
4: 0.151420 
6: 0.135982 
2: 0.125090 
7: 0.060647 
8: 0.024895 
1: 0.011953 
3: 0.010103 
5: 0.001585 

-- topic: 6 
0: 0.343388 
9: 0.179027 
6: 0.145216 
4: 0.119914 
2: 0.114656 
7: 0.055981 
1: 0.021636 
8: 0.012659 
3: 0.007523 
5: 0.000002 

-- topic: 7 
1: 0.455306 
3: 0.329781 
2: 0.157492 
0: 0.018301 
4: 0.014326 
9: 0.008785 
7: 0.006590 
8: 0.005545 
6: 0.003871 
5: 0.000002 

-- topic: 8 
0: 0.221659 
4: 0.209635 
2: 0.109682 
3: 0.102131 
1: 0.097243 
9: 0.093124 
6: 0.076726 
8: 0.057494 
7: 0.032305 
5: 0.000001 

-- topic: 9 
0: 0.347723 
9: 0.193492 
6: 0.175024 
4: 0.109833 
2: 0.105687 
7: 0.027994 
1: 0.017966 
8: 0.016067 
3: 0.006215 
5: 0.000000 

======================================

              priod3

======================================

-- topic: 0 
9: 0.392787 
0: 0.267956 
6: 0.091055 
7: 0.081800 
4: 0.073752 
2: 0.064856 
3: 0.010894 
1: 0.009561 
8: 0.007340 
5: 0.000000 

-- topic: 1 
0: 0.300886 
2: 0.157510 
9: 0.140392 
6: 0.134292 
7: 0.125501 
4: 0.094012 
1: 0.021849 
3: 0.014431 
8: 0.011126 
5: 0.000000 

-- topic: 2 
9: 0.283450 
0: 0.204416 
6: 0.137840 
2: 0.132858 
7: 0.110452 
4: 0.065140 
3: 0.033271 
1: 0.020266 
8: 0.012307 
5: 0.000000 

-- topic: 3 
0: 0.239741 
9: 0.219365 
4: 0.149416 
2: 0.123136 
6: 0.097572 
7: 0.096946 
8: 0.041179 
1: 0.015477 
3: 0.009021 
5: 0.008147 

-- topic: 4 
3: 0.495567 
1: 0.360997 
2: 0.098966 
0: 0.019211 
4: 0.009508 
9: 0.008886 
7: 0.005900 
8: 0.000736 
6: 0.000231 
5: 0.000000 

-- topic: 5 
9: 0.307569 
0: 0.302699 
7: 0.111804 
6: 0.094873 
2: 0.077149 
4: 0.059507 
1: 0.021590 
3: 0.021491 
8: 0.003233 
5: 0.000085 

-- topic: 6 
9: 0.306457 
0: 0.302568 
7: 0.116184 
2: 0.106559 
6: 0.076196 
4: 0.044935 
1: 0.033197 
3: 0.013217 
8: 0.000687 
5: 0.000000 

-- topic: 7 
1: 0.406688 
3: 0.384465 
2: 0.153408 
0: 0.015712 
9: 0.015074 
4: 0.009804 
7: 0.006893 
6: 0.004399 
8: 0.003557 
5: 0.000001 

-- topic: 8 
9: 0.240313 
0: 0.223414 
3: 0.116689 
1: 0.108108 
2: 0.092319 
4: 0.090213 
7: 0.070984 
6: 0.043372 
8: 0.014589 
5: 0.000000 

-- topic: 9 
9: 0.296645 
0: 0.277055 
6: 0.125685 
7: 0.110678 
4: 0.082734 
2: 0.073240 
1: 0.021456 
8: 0.012107 
3: 0.000400 
5: 0.000000 

======================================

              priod4

======================================

-- topic: 0 
9: 0.339023 
0: 0.261058 
6: 0.117668 
7: 0.098087 
4: 0.076707 
2: 0.066808 
1: 0.015406 
8: 0.012666 
3: 0.012578 
5: 0.000000 

-- topic: 1 
0: 0.240749 
9: 0.194030 
7: 0.123929 
4: 0.118169 
6: 0.090907 
2: 0.085461 
5: 0.069052 
3: 0.036428 
1: 0.028098 
8: 0.013178 

-- topic: 2 
9: 0.217976 
0: 0.215146 
7: 0.141571 
6: 0.112250 
2: 0.095896 
3: 0.075300 
4: 0.057951 
1: 0.050990 
5: 0.026022 
8: 0.006899 

-- topic: 3 
9: 0.271744 
0: 0.256096 
6: 0.117720 
7: 0.095288 
2: 0.090420 
4: 0.076949 
1: 0.039074 
3: 0.024801 
5: 0.021290 
8: 0.006618 

-- topic: 4 
3: 0.538314 
1: 0.318779 
2: 0.072711 
7: 0.028153 
5: 0.021008 
0: 0.012723 
9: 0.005193 
4: 0.003036 
8: 0.000064 
6: 0.000020 

-- topic: 5 
0: 0.196177 
5: 0.186614 
9: 0.180780 
7: 0.129354 
6: 0.107613 
2: 0.091502 
4: 0.065498 
1: 0.024716 
3: 0.016230 
8: 0.001516 

-- topic: 6 
9: 0.301705 
0: 0.271197 
6: 0.109703 
2: 0.104685 
7: 0.096829 
4: 0.058810 
1: 0.027503 
3: 0.019169 
5: 0.006819 
8: 0.003579 

-- topic: 7 
3: 0.549964 
1: 0.307449 
2: 0.080227 
0: 0.018904 
5: 0.017882 
4: 0.008301 
9: 0.007367 
7: 0.006835 
6: 0.002841 
8: 0.000231 

-- topic: 8 
3: 0.197836 
0: 0.179611 
1: 0.145247 
2: 0.130510 
9: 0.123329 
7: 0.078805 
4: 0.051541 
6: 0.049653 
5: 0.026906 
8: 0.016562 

-- topic: 9 
0: 0.253314 
9: 0.230002 
7: 0.135645 
6: 0.132602 
2: 0.080778 
4: 0.060862 
5: 0.050808 
3: 0.034358 
1: 0.013898 
8: 0.007734 

======================================

              priod5

======================================

-- topic: 0 
9: 0.327324 
0: 0.281663 
6: 0.108330 
7: 0.097010 
2: 0.070305 
4: 0.069938 
1: 0.018217 
3: 0.015796 
8: 0.011417 
5: 0.000000 

-- topic: 1 
0: 0.242861 
9: 0.167706 
4: 0.147048 
6: 0.114361 
2: 0.098541 
7: 0.085194 
3: 0.054388 
1: 0.041431 
5: 0.035963 
8: 0.012507 

-- topic: 2 
0: 0.235989 
9: 0.232127 
7: 0.117116 
6: 0.110063 
2: 0.103060 
4: 0.078148 
3: 0.049700 
======================================

              priod0

======================================

-- topic: 0 
0: 0.280285 
6: 0.276510 
4: 0.165352 
9: 0.121309 
2: 0.093205 
7: 0.060906 
8: 0.002181 
1: 0.000084 
3: 0.000084 
5: 0.000084 

-- topic: 1 
0: 0.330394 
9: 0.203844 
6: 0.197905 
2: 0.153589 
4: 0.064959 
7: 0.048512 
1: 0.000542 
3: 0.000085 
8: 0.000085 
5: 0.000085 

-- topic: 2 
0: 0.333703 
9: 0.263378 
6: 0.222775 
2: 0.072080 
7: 0.066219 
4: 0.039429 
8: 0.002174 
1: 0.000081 
3: 0.000081 
5: 0.000081 

-- topic: 3 
0: 0.327337 
6: 0.238575 
9: 0.194856 
4: 0.119342 
2: 0.061492 
7: 0.053543 
8: 0.004084 
5: 0.000551 
1: 0.000110 
3: 0.000110 

-- topic: 4 
4: 0.299120 
2: 0.171396 
8: 0.154931 
0: 0.136970 
6: 0.122003 
7: 0.052153 
1: 0.044669 
3: 0.011741 
9: 0.006751 
5: 0.000265 

-- topic: 5 
3: 0.468712 
1: 0.429164 
2: 0.089718 
4: 0.005350 
8: 0.004032 
0: 0.002714 
9: 0.000077 
6: 0.000077 
7: 0.000077 
5: 0.000077 

-- topic: 6 
1: 0.379794 
3: 0.297426 
2: 0.215701 
4: 0.052896 
0: 0.031017 
7: 0.012999 
6: 0.009781 
9: 0.000129 
8: 0.000129 
5: 0.000129 

======================================

              priod1

======================================

-- topic: 0 
0: 0.266823 
6: 0.205802 
4: 0.184478 
2: 0.120538 
9: 0.085473 
8: 0.068344 
7: 0.058218 
1: 0.007371 
3: 0.002950 
5: 0.000002 

-- topic: 1 
0: 0.302711 
6: 0.263866 
9: 0.151833 
2: 0.122197 
4: 0.101457 
7: 0.047737 
1: 0.010187 
3: 0.000004 
8: 0.000004 
5: 0.000004 

-- topic: 2 
0: 0.346290 
6: 0.219726 
9: 0.185114 
4: 0.093151 
2: 0.072801 
7: 0.051550 
8: 0.018956 
1: 0.012406 
3: 0.000003 
5: 0.000003 

-- topic: 3 
0: 0.278496 
6: 0.189340 
4: 0.160766 
9: 0.137180 
2: 0.093593 
8: 0.058338 
7: 0.044789 
1: 0.031404 
3: 0.006080 
5: 0.000013 

-- topic: 4 
4: 0.300438 
2: 0.163296 
8: 0.140593 
6: 0.135042 
0: 0.131901 
1: 0.046896 
7: 0.040057 
9: 0.022846 
3: 0.018897 
5: 0.000034 

-- topic: 5 
1: 0.447735 
3: 0.365234 
2: 0.143578 
0: 0.016203 
4: 0.010971 
7: 0.010719 
6: 0.005361 
8: 0.000192 
9: 0.000004 
5: 0.000004 

-- topic: 6 
1: 0.358545 
3: 0.271686 
2: 0.207943 
4: 0.058758 
0: 0.045549 
7: 0.021868 
8: 0.019219 
6: 0.014484 
9: 0.001934 
5: 0.000014 

======================================

              priod2

======================================

-- topic: 0 
0: 0.267700 
4: 0.182599 
6: 0.178162 
2: 0.128422 
9: 0.109891 
7: 0.058258 
8: 0.055471 
1: 0.016982 
3: 0.002513 
5: 0.000001 

-- topic: 1 
0: 0.347099 
9: 0.186760 
6: 0.147240 
4: 0.129649 
2: 0.121598 
7: 0.042613 
1: 0.012969 
8: 0.009877 
3: 0.002195 
5: 0.000000 

-- topic: 2 
0: 0.319791 
9: 0.271242 
6: 0.131588 
2: 0.107583 
4: 0.089887 
7: 0.052973 
3: 0.011191 
1: 0.008118 
8: 0.006609 
5: 0.001018 

-- topic: 3 
0: 0.317192 
9: 0.185143 
4: 0.152838 
6: 0.148714 
2: 0.101517 
7: 0.045256 
1: 0.020677 
8: 0.016422 
3: 0.012240 
5: 0.000001 

-- topic: 4 
4: 0.249884 
8: 0.204348 
0: 0.187872 
2: 0.129516 
6: 0.091606 
9: 0.062996 
1: 0.032780 
7: 0.027028 
3: 0.013969 
5: 0.000002 

-- topic: 5 
1: 0.437431 
3: 0.375705 
2: 0.141194 
0: 0.015926 
4: 0.013768 
7: 0.010345 
6: 0.004197 
8: 0.001430 
9: 0.000002 
5: 0.000002 

-- topic: 6 
1: 0.331322 
3: 0.291464 
2: 0.170595 
0: 0.070848 
4: 0.068725 
6: 0.037660 
7: 0.014021 
8: 0.007703 
9: 0.007659 
5: 0.000002 

======================================

              priod3

======================================

-- topic: 0 
0: 0.320822 
9: 0.255827 
7: 0.119517 
6: 0.118950 
2: 0.118015 
4: 0.040084 
1: 0.017237 
5: 0.005639 
3: 0.002867 
8: 0.001042 

-- topic: 1 
9: 0.338739 
0: 0.271200 
7: 0.114239 
6: 0.083491 
4: 0.078807 
2: 0.069310 
8: 0.016111 
3: 0.014471 
1: 0.013631 
5: 0.000000 

-- topic: 2 
9: 0.332265 
0: 0.290899 
6: 0.123746 
7: 0.095122 
2: 0.094097 
4: 0.050582 
3: 0.006457 
1: 0.006204 
8: 0.000546 
5: 0.000084 

-- topic: 3 
9: 0.332119 
0: 0.231232 
2: 0.110530 
7: 0.103049 
6: 0.095697 
4: 0.083727 
1: 0.016772 
3: 0.013947 
8: 0.012926 
5: 0.000000 

-- topic: 4 
0: 0.244759 
9: 0.184328 
4: 0.182849 
2: 0.115661 
7: 0.097200 
6: 0.088738 
8: 0.042070 
1: 0.025053 
3: 0.019343 
5: 0.000000 

-- topic: 5 
3: 0.459668 
1: 0.393598 
2: 0.101959 
0: 0.017462 
7: 0.013512 
4: 0.011282 
6: 0.002244 
8: 0.000273 
9: 0.000000 
5: 0.000000 

-- topic: 6 
3: 0.404963 
1: 0.342311 
2: 0.141611 
0: 0.044519 
9: 0.025937 
6: 0.013861 
4: 0.013759 
7: 0.012642 
8: 0.000397 
5: 0.000000 

======================================

              priod4

======================================

-- topic: 0 
0: 0.277010 
9: 0.241958 
6: 0.146998 
7: 0.105600 
2: 0.093866 
4: 0.068973 
3: 0.021525 
1: 0.020200 
8: 0.015541 
5: 0.008329 

-- topic: 1 
9: 0.246626 
0: 0.239799 
7: 0.131536 
6: 0.127695 
2: 0.090043 
5: 0.064655 
4: 0.045489 
3: 0.026121 
1: 0.023770 
8: 0.004266 

-- topic: 2 
9: 0.325999 
0: 0.266050 
7: 0.106463 
6: 0.095861 
2: 0.083897 
4: 0.076044 
3: 0.023235 
1: 0.015724 
8: 0.006716 
5: 0.000010 

-- topic: 3 
9: 0.252692 
0: 0.230940 
7: 0.125882 
6: 0.104788 
5: 0.098101 
2: 0.071672 
4: 0.058741 
3: 0.028287 
1: 0.023442 
8: 0.005456 

-- topic: 4 
0: 0.206484 
9: 0.146661 
7: 0.140623 
4: 0.116107 
6: 0.104902 
2: 0.102354 
5: 0.078062 
1: 0.048604 
3: 0.044709 
8: 0.011495 

-- topic: 5 
3: 0.524969 
1: 0.299377 
2: 0.080693 
5: 0.056502 
7: 0.016165 
0: 0.015359 
4: 0.005767 
6: 0.001153 
8: 0.000015 
9: 0.000000 

-- topic: 6 
3: 0.490472 
1: 0.306725 
2: 0.099997 
0: 0.036702 
7: 0.019046 
9: 0.018791 
4: 0.011797 
5: 0.008305 
6: 0.008118 
8: 0.000048 

======================================

              priod5

======================================

-- topic: 0 
0: 0.265165 
9: 0.249830 
6: 0.147029 
7: 0.112932 
2: 0.085719 
4: 0.082659 
1: 0.025648 
3: 0.019752 
8: 0.006121 
5: 0.005145 

-- topic: 1 
0: 0.254465 
9: 0.252374 
6: 0.127064 
4: 0.098301 
7: 0.097590 
2: 0.094953 
3: 0.039383 
1: 0.024152 
8: 0.006941 
5: 0.004779 

-- topic: 2 
9: 0.314262 
0: 0.274597 
6: 0.125126 
7: 0.097804 
4: 0.077932 
2: 0.065724 
5: 0.018427 
1: 0.011824 
3: 0.009413 
8: 0.004890 

-- topic: 3 
0: 0.303057 
9: 0.275322 
6: 0.110035 
7: 0.099269 
2: 0.088885 
4: 0.087221 
1: 0.015104 
3: 0.013698 
8: 0.003770 
5: 0.003639 

-- topic: 4 
0: 0.231965 
9: 0.154915 
4: 0.141452 
2: 0.121808 
6: 0.098476 
7: 0.097047 
1: 0.075875 
3: 0.050676 
8: 0.019576 
5: 0.008211 

-- topic: 5 
3: 0.484526 
1: 0.369129 
2: 0.094096 
7: 0.021967 
4: 0.015889 
0: 0.007867 
6: 0.003343 
5: 0.003181 
8: 0.000000 
9: 0.000000 

-- topic: 6 
3: 0.438182 
1: 0.331070 
2: 0.123940 
0: 0.036427 
7: 0.020237 
9: 0.019557 
4: 0.014698 
6: 0.009453 
5: 0.004577 
8: 0.001858 

======================================

              priod6

======================================

-- topic: 0 
0: 0.286538 
9: 0.184570 
6: 0.161800 
4: 0.117040 
2: 0.101490 
7: 0.093190 
1: 0.027163 
3: 0.017028 
8: 0.010156 
5: 0.001026 

-- topic: 1 
0: 0.307026 
9: 0.194682 
6: 0.147580 
2: 0.112376 
4: 0.103251 
7: 0.083880 
1: 0.025317 
3: 0.017618 
8: 0.007948 
5: 0.000322 

-- topic: 2 
0: 0.314753 
9: 0.218603 
6: 0.138627 
4: 0.112129 
2: 0.097616 
7: 0.079190 
1: 0.019943 
3: 0.009536 
8: 0.006896 
5: 0.002707 

-- topic: 3 
0: 0.299137 
9: 0.182358 
6: 0.132727 
2: 0.127819 
4: 0.109432 
7: 0.088395 
1: 0.026334 
3: 0.025653 
8: 0.007320 
5: 0.000826 

-- topic: 4 
0: 0.229693 
4: 0.180968 
6: 0.127786 
2: 0.122206 
9: 0.106455 
7: 0.086023 
1: 0.062171 
8: 0.045474 
3: 0.036825 
5: 0.002397 

-- topic: 5 
3: 0.475756 
1: 0.358725 
2: 0.108196 
7: 0.019409 
0: 0.014757 
4: 0.010257 
5: 0.007996 
8: 0.002607 
6: 0.002296 
9: 0.000000 

-- topic: 6 
3: 0.413820 
1: 0.338875 
2: 0.127833 
0: 0.036883 
4: 0.026720 
7: 0.025280 
9: 0.014561 
6: 0.010196 
8: 0.003033 
5: 0.002800 

======================================

              priod7

======================================

-- topic: 0 
0: 0.253357 
6: 0.171822 
4: 0.154522 
9: 0.122561 
2: 0.115264 
7: 0.063373 
8: 0.045471 
1: 0.042384 
3: 0.031185 
5: 0.000060 

-- topic: 1 
0: 0.290435 
9: 0.181804 
6: 0.151099 
4: 0.121877 
2: 0.101061 
7: 0.076370 
1: 0.035495 
3: 0.026401 
8: 0.014677 
5: 0.000781 

-- topic: 2 
0: 0.250432 
9: 0.193905 
======================================

              priod0

======================================

-- topic: 0 
0: 0.316775 
6: 0.258555 
4: 0.136736 
2: 0.122181 
9: 0.117434 
7: 0.048140 
1: 0.000045 
3: 0.000045 
8: 0.000045 
5: 0.000045 

-- topic: 1 
3: 0.379124 
1: 0.373244 
2: 0.126287 
4: 0.062645 
8: 0.058149 
5: 0.000387 
0: 0.000041 
9: 0.000041 
6: 0.000041 
7: 0.000041 

-- topic: 2 
0: 0.315270 
9: 0.194238 
6: 0.161506 
2: 0.140192 
4: 0.066735 
7: 0.062168 
1: 0.046183 
3: 0.013451 
8: 0.000129 
5: 0.000129 

-- topic: 3 
0: 0.256171 
6: 0.198435 
9: 0.145947 
2: 0.138679 
4: 0.111224 
7: 0.068830 
1: 0.053084 
3: 0.026436 
8: 0.001000 
5: 0.000193 

-- topic: 4 
0: 0.252122 
6: 0.219979 
9: 0.183381 
4: 0.167469 
2: 0.070403 
7: 0.053854 
8: 0.052581 
1: 0.000070 
3: 0.000070 
5: 0.000070 

======================================

              priod1

======================================

-- topic: 0 
0: 0.227701 
6: 0.225236 
4: 0.195116 
2: 0.118826 
8: 0.104965 
9: 0.078490 
7: 0.033034 
1: 0.016632 
3: 0.000000 
5: 0.000000 

-- topic: 1 
1: 0.412083 
3: 0.334939 
2: 0.155591 
4: 0.045214 
0: 0.018443 
8: 0.018021 
7: 0.010595 
6: 0.005102 
5: 0.000010 
9: 0.000001 

-- topic: 2 
0: 0.296845 
6: 0.159830 
2: 0.143274 
9: 0.134053 
4: 0.129280 
7: 0.061475 
1: 0.038772 
8: 0.020180 
3: 0.016286 
5: 0.000004 

-- topic: 3 
0: 0.267633 
6: 0.198166 
2: 0.127624 
9: 0.125291 
4: 0.118792 
1: 0.071319 
7: 0.054561 
3: 0.028706 
8: 0.007885 
5: 0.000025 

-- topic: 4 
0: 0.246222 
6: 0.202145 
4: 0.198217 
9: 0.116408 
2: 0.099279 
8: 0.074837 
7: 0.049322 
1: 0.008527 
3: 0.005040 
5: 0.000003 

======================================

              priod2

======================================

-- topic: 0 
0: 0.277318 
4: 0.158209 
6: 0.156707 
9: 0.134622 
2: 0.132371 
8: 0.084818 
7: 0.031788 
1: 0.021019 
3: 0.003148 
5: 0.000000 

-- topic: 1 
1: 0.392618 
3: 0.359646 
2: 0.154833 
4: 0.037946 
0: 0.020995 
6: 0.011709 
7: 0.009547 
8: 0.006959 
9: 0.005744 
5: 0.000002 

-- topic: 2 
0: 0.309609 
9: 0.192937 
6: 0.128403 
4: 0.125340 
2: 0.104513 
7: 0.065094 
1: 0.030740 
3: 0.022241 
8: 0.021121 
5: 0.000001 

-- topic: 3 
0: 0.300891 
9: 0.158213 
4: 0.157652 
6: 0.147497 
2: 0.126289 
7: 0.043449 
1: 0.031668 
3: 0.019485 
8: 0.014853 
5: 0.000002 

-- topic: 4 
0: 0.261184 
4: 0.193524 
9: 0.154143 
6: 0.118386 
2: 0.113641 
8: 0.093698 
7: 0.040660 
1: 0.016948 
3: 0.007082 
5: 0.000733 

======================================

              priod3

======================================

-- topic: 0 
0: 0.318603 
9: 0.276216 
2: 0.100057 
7: 0.098544 
6: 0.084793 
4: 0.079152 
1: 0.022140 
8: 0.011323 
3: 0.006900 
5: 0.002272 

-- topic: 1 
3: 0.468029 
1: 0.379409 
2: 0.099551 
0: 0.020823 
7: 0.009890 
9: 0.007801 
4: 0.006876 
6: 0.005348 
8: 0.002272 
5: 0.000000 

-- topic: 2 
9: 0.286763 
0: 0.242296 
2: 0.119022 
7: 0.099498 
6: 0.095939 
4: 0.095693 
8: 0.020937 
1: 0.020749 
3: 0.019103 
5: 0.000000 

-- topic: 3 
9: 0.281503 
0: 0.251080 
6: 0.108938 
2: 0.105811 
7: 0.101891 
4: 0.086053 
1: 0.032299 
3: 0.029598 
8: 0.001765 
5: 0.001062 

-- topic: 4 
9: 0.307574 
0: 0.264864 
7: 0.115967 
6: 0.112668 
2: 0.098911 
4: 0.066383 
8: 0.013614 
1: 0.011078 
3: 0.007950 
5: 0.000991 

======================================

              priod4

======================================

-- topic: 0 
0: 0.246418 
9: 0.224915 
6: 0.122148 
2: 0.118044 
7: 0.110286 
4: 0.078379 
3: 0.054064 
1: 0.036343 
8: 0.005849 
5: 0.003553 

-- topic: 1 
3: 0.536504 
1: 0.314833 
2: 0.076864 
7: 0.018273 
5: 0.016582 
0: 0.016286 
4: 0.011665 
9: 0.005839 
6: 0.003011 
8: 0.000143 

-- topic: 2 
9: 0.250230 
0: 0.214805 
7: 0.141052 
6: 0.097596 
2: 0.096089 
5: 0.073800 
4: 0.064697 
3: 0.032030 
1: 0.022468 
8: 0.007234 

-- topic: 3 
9: 0.282905 
0: 0.253934 
6: 0.114874 
7: 0.101858 
2: 0.099363 
4: 0.077398 
1: 0.035429 
3: 0.028527 
8: 0.003465 
5: 0.002248 

-- topic: 4 
0: 0.253636 
9: 0.215433 
5: 0.121248 
7: 0.116887 
6: 0.111491 
4: 0.070800 
2: 0.062619 
1: 0.016978 
8: 0.015533 
3: 0.015375 

======================================

              priod5

======================================

-- topic: 0 
0: 0.263281 
9: 0.251264 
6: 0.126725 
4: 0.113437 
7: 0.103392 
2: 0.083338 
1: 0.026349 
3: 0.017112 
8: 0.009504 
5: 0.005597 

-- topic: 1 
3: 0.470025 
1: 0.359512 
2: 0.101246 
7: 0.019486 
0: 0.015188 
4: 0.014710 
5: 0.010718 
8: 0.003697 
6: 0.003585 
9: 0.001832 

-- topic: 2 
0: 0.281846 
9: 0.243144 
7: 0.112683 
6: 0.107349 
2: 0.099129 
4: 0.085379 
3: 0.027786 
1: 0.027512 
5: 0.010877 
8: 0.004296 

-- topic: 3 
0: 0.242979 
9: 0.230568 
6: 0.116435 
2: 0.101552 
7: 0.096595 
4: 0.091173 
1: 0.056484 
3: 0.053072 
8: 0.006688 
5: 0.004452 

-- topic: 4 
9: 0.276465 
0: 0.259767 
6: 0.130632 
2: 0.090213 
7: 0.086610 
4: 0.085182 
3: 0.036248 
1: 0.029481 
8: 0.004054 
5: 0.001349 

======================================

              priod6

======================================

-- topic: 0 
0: 0.293194 
6: 0.153802 
9: 0.151022 
4: 0.135306 
2: 0.101415 
7: 0.077689 
1: 0.038830 
8: 0.028512 
3: 0.019561 
5: 0.000669 

-- topic: 1 
3: 0.464762 
1: 0.357559 
2: 0.109981 
7: 0.019028 
4: 0.017199 
0: 0.016221 
5: 0.005628 
8: 0.003752 
9: 0.003530 
6: 0.002340 

-- topic: 2 
0: 0.298115 
9: 0.181977 
6: 0.126904 
2: 0.124979 
4: 0.109276 
7: 0.083980 
1: 0.038131 
3: 0.028059 
8: 0.006979 
5: 0.001601 

-- topic: 3 
0: 0.258302 
9: 0.177313 
2: 0.126015 
6: 0.124812 
4: 0.119112 
7: 0.096683 
1: 0.044887 
3: 0.037786 
8: 0.010135 
5: 0.004954 

-- topic: 4 
0: 0.278450 
9: 0.179329 
6: 0.148993 
4: 0.121456 
2: 0.107840 
7: 0.082164 
1: 0.039619 
3: 0.027489 
8: 0.013658 
5: 0.001001 

======================================

              priod7

======================================

-- topic: 0 
0: 0.251263 
6: 0.143195 
4: 0.136781 
2: 0.132370 
9: 0.127988 
7: 0.073858 
1: 0.052754 
8: 0.047876 
3: 0.033841 
5: 0.000075 

-- topic: 1 
3: 0.479353 
1: 0.349374 
2: 0.091394 
4: 0.023802 
0: 0.018456 
7: 0.017142 
8: 0.010527 
6: 0.005983 
9: 0.002694 
5: 0.001274 

-- topic: 2 
0: 0.267810 
9: 0.151348 
6: 0.132748 
4: 0.127883 
2: 0.120751 
7: 0.078119 
1: 0.055213 
3: 0.046432 
8: 0.018861 
5: 0.000835 

-- topic: 3 
0: 0.211673 
6: 0.159933 
4: 0.156430 
9: 0.134293 
2: 0.104074 
1: 0.071412 
3: 0.065883 
7: 0.058242 
8: 0.037872 
5: 0.000187 

-- topic: 4 
0: 0.260624 
4: 0.157933 
6: 0.146183 
9: 0.145601 
2: 0.105324 
7: 0.072798 
1: 0.043843 
3: 0.035937 
8: 0.031629 
5: 0.000128 

======================================

              priod8

======================================

-- topic: 0 
0: 0.258142 
9: 0.195396 
6: 0.179939 
4: 0.138570 
2: 0.094731 
7: 0.055746 
1: 0.034223 
8: 0.021689 
3: 0.021560 
5: 0.000005 

-- topic: 1 
3: 0.480090 
1: 0.336430 
2: 0.096997 
4: 0.019496 
0: 0.018265 
7: 0.016023 
8: 0.011967 
9: 0.010483 
6: 0.009218 
5: 0.001033 

-- topic: 2 
0: 0.256392 
9: 0.228675 
6: 0.148632 
4: 0.126596 
2: 0.097173 
7: 0.048539 
1: 0.038194 
8: 0.035016 
3: 0.020729 
5: 0.000055 

-- topic: 3 
0: 0.261065 
9: 0.207419 
6: 0.168529 
4: 0.119037 
2: 0.097271 
7: 0.053466 
1: 0.047036 
3: 0.034178 
8: 0.011989 
5: 0.000011 

-- topic: 4 
0: 0.262875 
9: 0.200992 
6: 0.184242 
4: 0.126394 
2: 0.090883 
7: 0.063849 
8: 0.032306 
1: 0.021831 
3: 0.016618 
5: 0.000010 

======================================

              priod9

======================================

-- topic: 0 
0: 0.259495 
6: 0.203061 
9: 0.200752 
4: 0.120749 
2: 0.077093 
7: 0.053779 
8: 0.039966 
1: 0.028490 
3: 0.016614 
5: 0.000001 

-- topic: 1 
3: 0.459851 
1: 0.340602 
2: 0.110752 
4: 0.021653 
0: 0.021499 
7: 0.014347 
9: 0.010763 
8: 0.009871 
6: 0.009823 
5: 0.000838 

-- topic: 2 
0: 0.235157 
9: 0.216649 
6: 0.180916 
4: 0.128444 
2: 0.088869 
7: 0.057091 
8: 0.048148 
1: 0.030972 
3: 0.013744 
5: 0.000010 

-- topic: 3 
0: 0.247660 
9: 0.222814 
6: 0.192549 
4: 0.123853 
2: 0.086754 
7: 0.049431 
1: 0.034630 
3: 0.027193 
8: 0.015114 
5: 0.000002 

-- topic: 4 
0: 0.240551 
9: 0.206497 
6: 0.193489 
4: 0.138423 
2: 0.083898 
8: 0.051467 
7: 0.051407 
1: 0.020314 
1: 0.041917 
5: 0.020624 
8: 0.011256 

-- topic: 3 
0: 0.258836 
9: 0.229795 
6: 0.133696 
7: 0.127863 
2: 0.095132 
4: 0.093329 
1: 0.031649 
3: 0.021247 
5: 0.005681 
8: 0.002773 

-- topic: 4 
3: 0.495450 
1: 0.358280 
2: 0.097097 
7: 0.015926 
0: 0.014670 
4: 0.011325 
9: 0.003831 
5: 0.003414 
8: 0.000005 
6: 0.000002 

-- topic: 5 
0: 0.276807 
9: 0.239927 
6: 0.142689 
4: 0.106617 
7: 0.101945 
2: 0.066961 
1: 0.031716 
3: 0.029540 
5: 0.002736 
8: 0.001063 

-- topic: 6 
9: 0.276031 
0: 0.263340 
6: 0.114887 
7: 0.110075 
2: 0.094350 
4: 0.082391 
1: 0.029141 
3: 0.020215 
8: 0.005860 
5: 0.003711 

-- topic: 7 
3: 0.451978 
1: 0.381763 
2: 0.106600 
0: 0.014995 
4: 0.013043 
7: 0.012903 
9: 0.011069 
6: 0.004040 
5: 0.003588 
8: 0.000022 

-- topic: 8 
0: 0.192885 
3: 0.159669 
9: 0.157681 
2: 0.150336 
1: 0.123786 
4: 0.071480 
7: 0.062154 
6: 0.061687 
8: 0.011827 
5: 0.008495 

-- topic: 9 
9: 0.300038 
0: 0.261734 
6: 0.149985 
7: 0.087279 
4: 0.085121 
2: 0.077034 
1: 0.018806 
3: 0.013983 
8: 0.004554 
5: 0.001466 

======================================

              priod6

======================================

-- topic: 0 
0: 0.306141 
9: 0.242906 
6: 0.142336 
2: 0.119590 
4: 0.088318 
7: 0.067019 
1: 0.019728 
3: 0.007538 
8: 0.006424 
5: 0.000000 

-- topic: 1 
0: 0.257614 
4: 0.174135 
6: 0.143323 
9: 0.115781 
2: 0.102310 
7: 0.097860 
1: 0.043958 
8: 0.041873 
3: 0.020794 
5: 0.002353 

-- topic: 2 
0: 0.273947 
9: 0.167622 
6: 0.136642 
4: 0.120140 
2: 0.115830 
7: 0.083409 
1: 0.051714 
3: 0.027952 
8: 0.021882 
5: 0.000863 

-- topic: 3 
0: 0.269964 
9: 0.168212 
4: 0.143170 
6: 0.129628 
2: 0.120727 
7: 0.105414 
1: 0.030722 
3: 0.016862 
8: 0.009572 
5: 0.005729 

-- topic: 4 
3: 0.490458 
1: 0.354683 
2: 0.101755 
7: 0.015735 
0: 0.014349 
4: 0.013844 
9: 0.003850 
5: 0.003616 
6: 0.001025 
8: 0.000686 

-- topic: 5 
0: 0.257194 
6: 0.179381 
9: 0.152099 
4: 0.125704 
7: 0.106262 
2: 0.100226 
1: 0.029510 
3: 0.027410 
8: 0.019113 
5: 0.003101 

-- topic: 6 
0: 0.277004 
9: 0.168536 
6: 0.161467 
2: 0.129143 
4: 0.115988 
7: 0.081248 
1: 0.034619 
3: 0.021647 
8: 0.010123 
5: 0.000224 

-- topic: 7 
3: 0.440042 
1: 0.377877 
2: 0.112835 
0: 0.019394 
4: 0.014707 
7: 0.013202 
9: 0.010975 
6: 0.004611 
5: 0.003454 
8: 0.002902 

-- topic: 8 
0: 0.191849 
3: 0.184205 
2: 0.144966 
1: 0.144284 
9: 0.121326 
4: 0.088823 
6: 0.057620 
7: 0.055014 
8: 0.007245 
5: 0.004669 

-- topic: 9 
0: 0.344257 
9: 0.200106 
6: 0.124944 
4: 0.099562 
2: 0.089967 
7: 0.086917 
1: 0.023453 
3: 0.022196 
8: 0.006050 
5: 0.002547 

======================================

              priod7

======================================

-- topic: 0 
0: 0.277464 
9: 0.193197 
6: 0.161997 
4: 0.116282 
2: 0.115661 
7: 0.052399 
1: 0.035576 
8: 0.030942 
3: 0.016482 
5: 0.000000 

-- topic: 1 
4: 0.205135 
0: 0.203994 
6: 0.121173 
9: 0.107960 
2: 0.090601 
7: 0.084440 
1: 0.068360 
8: 0.062457 
3: 0.055624 
5: 0.000256 

-- topic: 2 
0: 0.237648 
4: 0.179460 
6: 0.174199 
2: 0.107849 
9: 0.101637 
7: 0.074106 
1: 0.054438 
3: 0.037938 
8: 0.032633 
5: 0.000091 

-- topic: 3 
0: 0.299010 
6: 0.142432 
4: 0.142012 
9: 0.137109 
2: 0.098559 
7: 0.078705 
1: 0.058476 
3: 0.027594 
8: 0.015222 
5: 0.000880 

-- topic: 4 
3: 0.499733 
1: 0.351217 
2: 0.080625 
4: 0.026897 
0: 0.015979 
7: 0.013939 
6: 0.004182 
8: 0.003314 
9: 0.003268 
5: 0.000848 

-- topic: 5 
0: 0.234300 
4: 0.160464 
6: 0.150018 
9: 0.142217 
2: 0.105687 
7: 0.075703 
8: 0.059955 
1: 0.041079 
3: 0.030226 
5: 0.000351 

-- topic: 6 
0: 0.231015 
6: 0.158396 
9: 0.148641 
2: 0.147247 
4: 0.114969 
7: 0.063576 
3: 0.054156 
1: 0.048958 
8: 0.031799 
5: 0.001243 

-- topic: 7 
3: 0.469224 
1: 0.358803 
2: 0.097551 
4: 0.021476 
0: 0.019741 
7: 0.018406 
8: 0.006117 
6: 0.004655 
9: 0.003282 
5: 0.000745 

-- topic: 8 
3: 0.186485 
1: 0.158685 
0: 0.156638 
2: 0.152757 
4: 0.097941 
9: 0.094736 
6: 0.067350 
7: 0.059419 
8: 0.023655 
5: 0.002333 

-- topic: 9 
0: 0.308417 
9: 0.173844 
6: 0.145330 
2: 0.119310 
4: 0.095650 
7: 0.078487 
3: 0.033590 
1: 0.032710 
8: 0.012055 
5: 0.000607 

======================================

              priod8

======================================

-- topic: 0 
0: 0.300576 
9: 0.288684 
6: 0.155534 
4: 0.097271 
2: 0.071903 
7: 0.047505 
1: 0.016712 
3: 0.016700 
8: 0.005114 
5: 0.000000 

-- topic: 1 
0: 0.205275 
6: 0.178709 
9: 0.154947 
4: 0.139592 
2: 0.095164 
7: 0.067307 
3: 0.061661 
8: 0.057535 
1: 0.039775 
5: 0.000035 

-- topic: 2 
0: 0.273151 
9: 0.185888 
6: 0.178185 
4: 0.129173 
2: 0.105445 
7: 0.054005 
1: 0.031006 
3: 0.027842 
8: 0.015298 
5: 0.000009 

-- topic: 3 
0: 0.261531 
9: 0.199554 
6: 0.181194 
4: 0.137076 
2: 0.097305 
7: 0.062256 
1: 0.028624 
8: 0.016786 
3: 0.015554 
5: 0.000121 

-- topic: 4 
3: 0.476819 
1: 0.326823 
2: 0.117193 
7: 0.018353 
9: 0.017646 
0: 0.017241 
4: 0.011833 
6: 0.010131 
8: 0.003781 
5: 0.000179 

-- topic: 5 
0: 0.230544 
6: 0.181539 
9: 0.176286 
4: 0.172815 
2: 0.088830 
7: 0.065111 
8: 0.056018 
1: 0.022227 
3: 0.006587 
5: 0.000043 

-- topic: 6 
0: 0.262622 
6: 0.196750 
9: 0.178730 
4: 0.150706 
2: 0.100820 
7: 0.046363 
1: 0.026335 
3: 0.019041 
8: 0.018516 
5: 0.000116 

-- topic: 7 
3: 0.461673 
1: 0.356133 
2: 0.098707 
0: 0.023285 
7: 0.021722 
4: 0.017341 
6: 0.007398 
8: 0.006714 
9: 0.006586 
5: 0.000440 

-- topic: 8 
0: 0.164787 
1: 0.157971 
3: 0.151312 
9: 0.144058 
2: 0.116743 
4: 0.099371 
6: 0.085453 
8: 0.041454 
7: 0.036528 
5: 0.002323 

-- topic: 9 
0: 0.310623 
9: 0.257730 
6: 0.154153 
4: 0.093902 
2: 0.080090 
7: 0.054792 
1: 0.019631 
3: 0.015137 
8: 0.013863 
5: 0.000079 

======================================

              priod9

======================================

-- topic: 0 
9: 0.275501 
0: 0.248314 
6: 0.207421 
4: 0.094329 
2: 0.081778 
7: 0.045680 
8: 0.019188 
3: 0.014770 
1: 0.013017 
5: 0.000000 

-- topic: 1 
6: 0.192532 
0: 0.187162 
4: 0.179018 
9: 0.134913 
8: 0.113921 
2: 0.072936 
7: 0.059328 
1: 0.033545 
3: 0.026643 
5: 0.000003 

-- topic: 2 
0: 0.257928 
9: 0.191322 
6: 0.178799 
4: 0.156361 
2: 0.075754 
7: 0.050868 
8: 0.042407 
1: 0.024564 
3: 0.021995 
5: 0.000002 

-- topic: 3 
0: 0.251518 
6: 0.199232 
9: 0.186714 
4: 0.137847 
2: 0.096772 
7: 0.057904 
1: 0.027431 
8: 0.025417 
3: 0.017108 
5: 0.000057 

-- topic: 4 
3: 0.472903 
1: 0.338755 
2: 0.111426 
0: 0.017373 
4: 0.017333 
7: 0.014471 
9: 0.012012 
6: 0.010173 
8: 0.004764 
5: 0.000790 

-- topic: 5 
0: 0.225966 
6: 0.213214 
9: 0.181088 
4: 0.153173 
2: 0.085350 
8: 0.057759 
7: 0.052841 
1: 0.020440 
3: 0.010154 
5: 0.000014 

-- topic: 6 
0: 0.270532 
9: 0.247287 
6: 0.180768 
4: 0.112086 
2: 0.084361 
7: 0.058080 
1: 0.017799 
8: 0.016625 
3: 0.012444 
5: 0.000017 

-- topic: 7 
3: 0.432835 
1: 0.353808 
2: 0.125156 
0: 0.028755 
7: 0.017042 
4: 0.016457 
9: 0.011520 
8: 0.009540 
6: 0.004725 
5: 0.000161 

-- topic: 8 
0: 0.192883 
9: 0.173820 
1: 0.159526 
3: 0.139158 
2: 0.106844 
6: 0.105778 
4: 0.078517 
7: 0.032584 
8: 0.010570 
5: 0.000320 

-- topic: 9 
0: 0.287545 
9: 0.252641 
6: 0.175749 
4: 0.098450 
2: 0.079137 
7: 0.057292 
1: 0.018582 
8: 0.015853 
3: 0.014713 
5: 0.000037 

======================================

              priod10

======================================

-- topic: 0 
0: 0.272246 
9: 0.204547 
6: 0.192617 
4: 0.122818 
2: 0.092556 
7: 0.054651 
1: 0.031139 
3: 0.017341 
8: 0.012084 
5: 0.000000 

-- topic: 1 
4: 0.223268 
0: 0.211161 
6: 0.167503 
2: 0.106449 
8: 0.076289 
9: 0.070061 
7: 0.063298 
1: 0.043697 
3: 0.038273 
5: 0.000000 

-- topic: 2 
0: 0.267863 
6: 0.180545 
9: 0.162169 
4: 0.143604 
2: 0.101350 
7: 0.060499 
8: 0.031146 
1: 0.030860 
3: 0.021964 
5: 0.000000 

-- topic: 3 
0: 0.248100 
6: 0.198370 
9: 0.159143 
4: 0.142169 
2: 0.107860 
7: 0.073598 
8: 0.025655 
1: 0.023576 
3: 0.021511 
5: 0.000019 

-- topic: 4 
1: 0.412508 
3: 0.405376 
2: 0.115140 
0: 0.020169 
4: 0.019289 
6: 0.010315 
7: 0.007488 
9: 0.005359 
8: 0.004234 
5: 0.000123 

-- topic: 5 
0: 0.239926 
6: 0.203382 
4: 0.155852 
9: 0.149841 
2: 0.090896 
7: 0.066944 
8: 0.045437 
1: 0.029740 
3: 0.017978 
5: 0.000003 

-- topic: 6 
3: 0.013951 
5: 0.000002 

======================================

              priod10

======================================

-- topic: 0 
0: 0.234542 
6: 0.201396 
9: 0.165370 
4: 0.156401 
2: 0.100051 
7: 0.050883 
8: 0.041169 
1: 0.030307 
3: 0.019880 
5: 0.000000 

-- topic: 1 
3: 0.412657 
1: 0.375728 
2: 0.128760 
4: 0.024204 
0: 0.022954 
7: 0.012854 
6: 0.009699 
8: 0.007255 
9: 0.005759 
5: 0.000130 

-- topic: 2 
0: 0.268381 
6: 0.173219 
9: 0.146499 
4: 0.140051 
2: 0.111026 
7: 0.069771 
1: 0.041729 
8: 0.030185 
3: 0.019137 
5: 0.000001 

-- topic: 3 
0: 0.273378 
6: 0.147792 
9: 0.146616 
4: 0.125281 
2: 0.107095 
7: 0.079661 
1: 0.057177 
3: 0.037240 
8: 0.025760 
5: 0.000000 

-- topic: 4 
0: 0.266824 
6: 0.173145 
4: 0.168475 
9: 0.150000 
2: 0.094849 
7: 0.062962 
8: 0.044025 
1: 0.026244 
3: 0.013475 
5: 0.000000 

======================================

              priod11

======================================

-- topic: 0 
0: 0.224991 
6: 0.199619 
4: 0.140753 
9: 0.132186 
2: 0.095625 
8: 0.083878 
7: 0.046661 
1: 0.039754 
3: 0.036534 
5: 0.000000 

-- topic: 1 
3: 0.433419 
1: 0.364319 
2: 0.119573 
4: 0.025855 
0: 0.022679 
7: 0.012054 
8: 0.007833 
6: 0.007807 
9: 0.006407 
5: 0.000055 

-- topic: 2 
0: 0.243881 
6: 0.182551 
9: 0.146459 
4: 0.143781 
2: 0.114188 
7: 0.051105 
8: 0.049873 
1: 0.043476 
3: 0.024687 
5: 0.000000 

-- topic: 3 
0: 0.249404 
6: 0.174217 
9: 0.161574 
4: 0.140237 
2: 0.105725 
1: 0.052755 
7: 0.046180 
8: 0.035834 
3: 0.034074 
5: 0.000000 

-- topic: 4 
0: 0.235772 
6: 0.200785 
9: 0.156248 
4: 0.150436 
2: 0.097608 
7: 0.052043 
1: 0.041143 
8: 0.038068 
3: 0.027895 
5: 0.000000 
computation time : 0day, 0hour, 46minute, 23second

6: 0.180202 
2: 0.115592 
4: 0.109434 
7: 0.074231 
1: 0.036459 
3: 0.023658 
8: 0.015825 
5: 0.000264 

-- topic: 3 
0: 0.287844 
9: 0.156861 
6: 0.132840 
2: 0.123544 
4: 0.122989 
7: 0.072951 
1: 0.038758 
8: 0.036544 
3: 0.027574 
5: 0.000096 

-- topic: 4 
4: 0.230824 
0: 0.189946 
6: 0.113076 
2: 0.112580 
8: 0.075332 
1: 0.073338 
7: 0.072850 
9: 0.071188 
3: 0.060653 
5: 0.000213 

-- topic: 5 
3: 0.473991 
1: 0.350518 
2: 0.101185 
7: 0.021842 
4: 0.019440 
0: 0.019333 
6: 0.005112 
8: 0.003905 
5: 0.002743 
9: 0.001932 

-- topic: 6 
3: 0.444163 
1: 0.336840 
2: 0.105571 
4: 0.034314 
0: 0.034003 
7: 0.021185 
6: 0.011049 
9: 0.007877 
8: 0.004302 
5: 0.000696 

======================================

              priod8

======================================

-- topic: 0 
0: 0.250195 
6: 0.180236 
9: 0.171333 
4: 0.152383 
2: 0.097484 
7: 0.057610 
8: 0.040362 
1: 0.029914 
3: 0.020472 
5: 0.000011 

-- topic: 1 
0: 0.293855 
9: 0.235242 
6: 0.186898 
2: 0.100846 
4: 0.097781 
7: 0.041588 
1: 0.018413 
3: 0.016410 
8: 0.008885 
5: 0.000082 

-- topic: 2 
9: 0.303676 
0: 0.268793 
6: 0.182082 
4: 0.085193 
2: 0.071392 
7: 0.050454 
1: 0.019606 
3: 0.013705 
8: 0.005083 
5: 0.000017 

-- topic: 3 
0: 0.262653 
9: 0.210633 
6: 0.160124 
4: 0.130191 
2: 0.091665 
7: 0.077416 
1: 0.032561 
8: 0.021398 
3: 0.013347 
5: 0.000012 

-- topic: 4 
0: 0.226879 
4: 0.194775 
6: 0.159316 
9: 0.126553 
2: 0.091851 
8: 0.074038 
7: 0.052668 
1: 0.046101 
3: 0.027801 
5: 0.000019 

-- topic: 5 
3: 0.480159 
1: 0.338197 
2: 0.098933 
7: 0.022763 
0: 0.020018 
4: 0.016856 
6: 0.009545 
8: 0.006589 
9: 0.005693 
5: 0.001246 

-- topic: 6 
3: 0.415138 
1: 0.318594 
2: 0.130570 
0: 0.055016 
4: 0.033881 
7: 0.016746 
9: 0.012965 
6: 0.010778 
8: 0.004939 
5: 0.001375 

======================================

              priod9

======================================

-- topic: 0 
0: 0.244708 
6: 0.209457 
9: 0.192737 
4: 0.146134 
2: 0.088812 
7: 0.048192 
8: 0.037490 
1: 0.021095 
3: 0.011373 
5: 0.000002 

-- topic: 1 
0: 0.242631 
9: 0.239990 
6: 0.228138 
4: 0.111981 
2: 0.080233 
7: 0.052115 
1: 0.020166 
8: 0.018261 
3: 0.006476 
5: 0.000010 

-- topic: 2 
0: 0.294324 
9: 0.279513 
6: 0.191813 
4: 0.086207 
2: 0.071486 
7: 0.045380 
1: 0.015288 
3: 0.011729 
8: 0.004255 
5: 0.000006 

-- topic: 3 
9: 0.256898 
0: 0.244566 
6: 0.190557 
4: 0.113566 
2: 0.074181 
7: 0.058934 
8: 0.037113 
1: 0.014981 
3: 0.009202 
5: 0.000001 

-- topic: 4 
4: 0.204091 
0: 0.184505 
6: 0.160295 
8: 0.119871 
9: 0.107797 
2: 0.094421 
7: 0.059935 
1: 0.037764 
3: 0.031317 
5: 0.000003 

-- topic: 5 
3: 0.471993 
1: 0.331230 
2: 0.112269 
0: 0.022061 
7: 0.019963 
4: 0.019712 
6: 0.009186 
8: 0.006955 
9: 0.005913 
5: 0.000718 

-- topic: 6 
3: 0.387638 
1: 0.340099 
2: 0.122663 
0: 0.055745 
4: 0.031163 
6: 0.020425 
7: 0.019162 
9: 0.016912 
8: 0.004910 
5: 0.001284 

======================================

              priod10

======================================

-- topic: 0 
0: 0.281961 
6: 0.191332 
4: 0.172127 
9: 0.126099 
2: 0.084625 
7: 0.070226 
8: 0.035744 
1: 0.021706 
3: 0.016180 
5: 0.000000 

-- topic: 1 
0: 0.286181 
6: 0.187329 
9: 0.177404 
4: 0.141881 
2: 0.097932 
7: 0.064075 
8: 0.023176 
1: 0.013608 
3: 0.008412 
5: 0.000001 

-- topic: 2 
0: 0.270043 
9: 0.212090 
6: 0.175627 
2: 0.107799 
4: 0.102994 
7: 0.060064 
1: 0.033402 
8: 0.019702 
3: 0.018277 
5: 0.000000 

-- topic: 3 
0: 0.276549 
6: 0.178902 
9: 0.171587 
4: 0.134746 
2: 0.096563 
7: 0.066569 
8: 0.027751 
1: 0.026766 
3: 0.020567 
5: 0.000000 

-- topic: 4 
4: 0.206765 
0: 0.198969 
6: 0.159561 
2: 0.113691 
9: 0.087757 
8: 0.081863 
7: 0.061470 
1: 0.056472 
3: 0.033451 
5: 0.000000 

-- topic: 5 
3: 0.410712 
1: 0.382465 
2: 0.122606 
0: 0.023100 
4: 0.020557 
7: 0.019287 
6: 0.007464 
8: 0.006942 
9: 0.006699 
5: 0.000168 

-- topic: 6 
3: 0.365339 
1: 0.340875 
2: 0.139238 
0: 0.052784 
4: 0.038403 
7: 0.021656 
6: 0.020585 
9: 0.014498 
8: 0.006114 
5: 0.000505 

======================================

              priod11

======================================

-- topic: 0 
0: 0.266248 
6: 0.192566 
4: 0.146064 
9: 0.141342 
2: 0.101400 
7: 0.048894 
8: 0.040951 
1: 0.034091 
3: 0.028442 
5: 0.000000 

-- topic: 1 
0: 0.239261 
6: 0.209608 
9: 0.183539 
4: 0.132518 
2: 0.096231 
7: 0.058145 
8: 0.051332 
1: 0.022275 
3: 0.007090 
5: 0.000000 

-- topic: 2 
0: 0.269575 
9: 0.209300 
6: 0.191467 
4: 0.112150 
2: 0.104020 
7: 0.052416 
1: 0.027929 
3: 0.017816 
8: 0.015328 
5: 0.000000 

-- topic: 3 
0: 0.247967 
6: 0.212561 
9: 0.156404 
4: 0.139758 
2: 0.092157 
8: 0.050240 
7: 0.047997 
1: 0.029204 
3: 0.023712 
5: 0.000000 

-- topic: 4 
0: 0.203198 
4: 0.195189 
6: 0.160456 
2: 0.109832 
8: 0.100892 
9: 0.080898 
1: 0.053253 
7: 0.049260 
3: 0.047021 
5: 0.000000 

-- topic: 5 
3: 0.432559 
1: 0.360797 
2: 0.113330 
4: 0.027183 
0: 0.023798 
7: 0.012874 
6: 0.010961 
8: 0.009259 
9: 0.009188 
5: 0.000049 

-- topic: 6 
3: 0.368489 
1: 0.342157 
2: 0.135612 
4: 0.047905 
0: 0.041635 
6: 0.018290 
7: 0.016674 
8: 0.015003 
9: 0.014098 
5: 0.000137 
computation time : 0day, 0hour, 47minute, 55second

0: 0.296937 
9: 0.181729 
6: 0.151229 
4: 0.123175 
2: 0.103661 
7: 0.080682 
8: 0.028036 
1: 0.019946 
3: 0.014602 
5: 0.000002 

-- topic: 7 
3: 0.416205 
1: 0.363005 
2: 0.134613 
0: 0.029448 
9: 0.016260 
4: 0.013880 
7: 0.013145 
6: 0.011352 
8: 0.002056 
5: 0.000035 

-- topic: 8 
0: 0.208081 
1: 0.162977 
3: 0.140668 
2: 0.127197 
4: 0.100272 
9: 0.093860 
6: 0.090517 
7: 0.043763 
8: 0.032631 
5: 0.000033 

-- topic: 9 
0: 0.269295 
9: 0.166073 
4: 0.162145 
6: 0.149517 
2: 0.106372 
7: 0.058477 
8: 0.042431 
1: 0.034566 
3: 0.011121 
5: 0.000003 

======================================

              priod11

======================================

-- topic: 0 
0: 0.264706 
6: 0.231711 
9: 0.185734 
4: 0.113271 
2: 0.097238 
7: 0.051595 
1: 0.025982 
8: 0.019496 
3: 0.010267 
5: 0.000000 

-- topic: 1 
4: 0.194312 
0: 0.188325 
6: 0.152139 
8: 0.146954 
2: 0.097464 
9: 0.083152 
7: 0.051281 
3: 0.045612 
1: 0.040762 
5: 0.000000 

-- topic: 2 
0: 0.235606 
6: 0.165679 
9: 0.164074 
4: 0.150063 
2: 0.104312 
7: 0.049099 
3: 0.048212 
1: 0.044543 
8: 0.038410 
5: 0.000000 

-- topic: 3 
0: 0.229846 
6: 0.204548 
9: 0.157038 
4: 0.150254 
2: 0.113525 
7: 0.049262 
8: 0.039999 
1: 0.031344 
3: 0.024180 
5: 0.000004 

-- topic: 4 
3: 0.403451 
1: 0.386300 
2: 0.112907 
4: 0.024658 
8: 0.021651 
0: 0.021119 
6: 0.012463 
7: 0.011898 
9: 0.005529 
5: 0.000024 

-- topic: 5 
0: 0.240589 
6: 0.224096 
4: 0.155432 
9: 0.137704 
2: 0.106749 
7: 0.047094 
1: 0.043623 
3: 0.025069 
8: 0.019644 
5: 0.000000 

-- topic: 6 
0: 0.302195 
6: 0.170538 
9: 0.164638 
4: 0.124478 
2: 0.094026 
7: 0.062583 
8: 0.036547 
1: 0.023993 
3: 0.021001 
5: 0.000001 

-- topic: 7 
3: 0.455581 
1: 0.360584 
2: 0.112290 
4: 0.024254 
0: 0.017227 
9: 0.011712 
7: 0.007127 
6: 0.006007 
8: 0.005212 
5: 0.000006 

-- topic: 8 
3: 0.154390 
0: 0.148471 
1: 0.139174 
2: 0.134495 
4: 0.124175 
6: 0.107033 
9: 0.087071 
8: 0.069998 
7: 0.035188 
5: 0.000004 

-- topic: 9 
0: 0.267295 
6: 0.198813 
9: 0.189214 
4: 0.134361 
2: 0.093719 
7: 0.051763 
8: 0.027697 
1: 0.024574 
3: 0.012564 
5: 0.000000 
computation time : 0day, 0hour, 50minute, 50second
