
======================================

              priod0

======================================

-- topic: 0 
4: 0.346894 
2: 0.321985 
3: 0.310540 
1: 0.020389 
0: 0.000192 

-- topic: 1 
4: 0.488703 
3: 0.369569 
2: 0.141582 
1: 0.000073 
0: 0.000073 

-- topic: 2 
3: 0.432067 
4: 0.332693 
2: 0.186555 
1: 0.048455 
0: 0.000229 

-- topic: 3 
3: 0.482217 
2: 0.248501 
4: 0.146663 
1: 0.095378 
0: 0.027241 

-- topic: 4 
4: 0.432809 
2: 0.336344 
3: 0.230718 
1: 0.000065 
0: 0.000065 

-- topic: 5 
3: 0.433112 
4: 0.319557 
2: 0.247187 
1: 0.000072 
0: 0.000072 

-- topic: 6 
0: 0.452977 
1: 0.365245 
3: 0.113618 
2: 0.046131 
4: 0.022029 

-- topic: 7 
4: 0.435887 
3: 0.294155 
2: 0.269805 
1: 0.000077 
0: 0.000077 

-- topic: 8 
0: 0.592852 
1: 0.407044 
3: 0.000035 
4: 0.000035 
2: 0.000035 

-- topic: 9 
1: 0.514938 
3: 0.209836 
0: 0.190767 
4: 0.046244 
2: 0.038215 

======================================

              priod1

======================================

-- topic: 0 
2: 0.433230 
3: 0.288037 
4: 0.254265 
1: 0.024462 
0: 0.000006 

-- topic: 1 
3: 0.377408 
4: 0.353236 
2: 0.215127 
1: 0.048956 
0: 0.005274 

-- topic: 2 
3: 0.363199 
2: 0.316829 
4: 0.284532 
1: 0.031152 
0: 0.004288 

-- topic: 3 
3: 0.397692 
2: 0.317346 
4: 0.200816 
1: 0.068081 
0: 0.016065 

-- topic: 4 
2: 0.333641 
4: 0.331170 
3: 0.303844 
1: 0.031343 
0: 0.000002 

-- topic: 5 
3: 0.332135 
2: 0.319764 
4: 0.304696 
1: 0.036550 
0: 0.006855 

-- topic: 6 
1: 0.440908 
0: 0.401938 
3: 0.120150 
2: 0.035239 
4: 0.001764 

-- topic: 7 
2: 0.323984 
3: 0.322572 
4: 0.311098 
1: 0.032297 
0: 0.010050 

-- topic: 8 
1: 0.455976 
0: 0.434571 
3: 0.068879 
2: 0.040573 
4: 0.000001 

-- topic: 9 
1: 0.383787 
0: 0.245839 
3: 0.196178 
2: 0.130198 
4: 0.043998 

======================================

              priod2

======================================

-- topic: 0 
3: 0.357941 
2: 0.324939 
4: 0.292542 
1: 0.017188 
0: 0.007390 

-- topic: 1 
4: 0.378255 
3: 0.346618 
2: 0.222720 
1: 0.046583 
0: 0.005825 

-- topic: 2 
3: 0.341959 
2: 0.331616 
4: 0.293594 
1: 0.026055 
0: 0.006775 

-- topic: 3 
3: 0.362642 
4: 0.290333 
2: 0.282920 
1: 0.053961 
0: 0.010144 

-- topic: 4 
4: 0.366391 
3: 0.350473 
2: 0.243108 
1: 0.034473 
0: 0.005555 

-- topic: 5 
3: 0.381746 
4: 0.305627 
2: 0.273921 
1: 0.032156 
0: 0.006550 

-- topic: 6 
0: 0.459029 
1: 0.365862 
3: 0.138676 
4: 0.022501 
2: 0.013932 

-- topic: 7 
3: 0.322525 
2: 0.321025 
4: 0.313339 
1: 0.032435 
0: 0.010677 

-- topic: 8 
0: 0.467244 
1: 0.411676 
3: 0.082162 
2: 0.038918 
4: 0.000000 

-- topic: 9 
1: 0.332358 
3: 0.205389 
0: 0.199164 
2: 0.139085 
4: 0.124003 

======================================

              priod3

======================================

-- topic: 0 
4: 0.427684 
3: 0.350453 
2: 0.200738 
1: 0.020797 
0: 0.000328 

-- topic: 1 
4: 0.509286 
3: 0.306801 
2: 0.114494 
1: 0.060348 
0: 0.009070 

-- topic: 2 
4: 0.425411 
3: 0.331471 
2: 0.165757 
1: 0.044899 
0: 0.032461 

-- topic: 3 
4: 0.437544 
3: 0.340799 
2: 0.114500 
1: 0.062092 
0: 0.045065 

-- topic: 4 
4: 0.510022 
3: 0.326694 
2: 0.144280 
0: 0.011576 
1: 0.007428 

-- topic: 5 
4: 0.481247 
3: 0.353738 
2: 0.125273 
1: 0.034274 
0: 0.005468 

-- topic: 6 
0: 0.512855 
1: 0.405722 
3: 0.057080 
4: 0.023623 
2: 0.000720 

-- topic: 7 
4: 0.464312 
3: 0.358147 
2: 0.141692 
1: 0.025173 
0: 0.010676 

-- topic: 8 
0: 0.578833 
1: 0.361802 
3: 0.045142 
4: 0.010307 
2: 0.003916 

-- topic: 9 
0: 0.323776 
1: 0.290142 
3: 0.197669 
4: 0.122514 
2: 0.065899 

======================================

              priod4

======================================

-- topic: 0 
4: 0.410414 
3: 0.369962 
2: 0.139476 
0: 0.044831 
1: 0.035317 

-- topic: 1 
4: 0.501035 
3: 0.331553 
2: 0.107966 
1: 0.036979 
0: 0.022466 

-- topic: 2 
4: 0.443449 
3: 0.327945 
2: 0.148273 
1: 0.044261 
0: 0.036072 

-- topic: 3 
4: 0.338317 
3: 0.326497 
0: 0.124079 
2: 0.110961 
1: 0.100145 

-- topic: 4 
4: 0.467520 
3: 0.307702 
2: 0.160878 
0: 0.033457 
1: 0.030443 

-- topic: 5 
4: 0.506758 
3: 0.305251 
2: 0.115139 
1: 0.040252 
0: 0.032601 

-- topic: 6 
0: 0.627231 
1: 0.305441 
3: 0.045520 
4: 0.013047 
2: 0.008761 

-- topic: 7 
4: 0.427205 
3: 0.351516 
2: 0.142264 
0: 0.044772 
1: 0.034244 

-- topic: 8 
0: 0.682156 
1: 0.265122 
3: 0.042410 
4: 0.006576 
2: 0.003736 

-- topic: 9 
0: 0.506344 
1: 0.207596 
3: 0.148997 
4: 0.084661 
2: 0.052402 

======================================

              priod5

======================================

-- topic: 0 
4: 0.441096 
3: 0.317735 
2: 0.173926 
1: 0.039224 
0: 0.028018 

-- topic: 1 
4: 0.500650 
3: 0.331287 
2: 0.109039 
1: 0.036616 
0: 0.022408 

-- topic: 2 
4: 0.443757 
3: 0.324835 
2: 0.159235 
1: 0.039502 
0: 0.032672 

-- topic: 3 
4: 0.379784 
3: 0.298134 
2: 0.183248 
0: 0.080627 
1: 0.058208 

-- topic: 4 
4: 0.452815 
3: 0.316905 
2: 0.171978 
1: 0.033985 
0: 0.024317 

-- topic: 5 
4: 0.499244 
3: 0.318050 
2: 0.114440 
1: 0.046997 
0: 0.021269 

-- topic: 6 
0: 0.558197 
1: 0.358387 
3: 0.052170 
2: 0.017711 
4: 0.013535 

-- topic: 7 
4: 0.411861 
3: 0.343843 
2: 0.165187 
1: 0.056484 
0: 0.022625 

-- topic: 8 
0: 0.604977 
1: 0.310735 
3: 0.053974 
4: 0.015745 
2: 0.014569 

-- topic: 9 
0: 0.377257 
1: 0.295924 
3: 0.155416 
4: 0.112543 
2: 0.058861 

======================================

              priod6

======================================

-- topic: 0 
3: 0.361612 
4: 0.323683 
2: 0.243236 
1: 0.051109 
0: 0.020360 

-- topic: 1 
4: 0.392081 
3: 0.344776 
2: 0.187102 
1: 0.054414 
0: 0.021626 

-- topic: 2 
3: 0.392990 
4: 0.380811 
2: 0.159351 
1: 0.042490 
0: 0.024359 

-- topic: 3 
3: 0.337898 
4: 0.330090 
2: 0.200269 
1: 0.081423 
0: 0.050320 

-- topic: 4 
4: 0.383538 
3: 0.358451 
2: 0.196121 
1: 0.045336 
0: 0.016553 

-- topic: 5 
4: 0.411134 
3: 0.368997 
2: 0.137334 
1: 0.059277 
0: 0.023258 

-- topic: 6 
0: 0.546539 
1: 0.354734 
3: 0.062551 
4: 0.019454 
2: 0.016721 

-- topic: 7 
3: 0.358529 
4: 0.350985 
2: 0.225918 
1: 0.047964 
0: 0.016603 

-- topic: 8 
0: 0.562861 
1: 0.344127 
3: 0.062787 
2: 0.016965 
4: 0.013260 

-- topic: 9 
0: 0.384381 
1: 0.307363 
3: 0.188100 
4: 0.073094 
2: 0.047062 

======================================

              priod7

======================================

-- topic: 0 
3: 0.338115 
4: 0.302511 
2: 0.268646 
1: 0.069258 
0: 0.021471 

-- topic: 1 
4: 0.378820 
3: 0.331313 
2: 0.198005 
1: 0.058787 
0: 0.033075 

-- topic: 2 
3: 0.367297 
4: 0.332186 
2: 0.214678 
1: 0.062093 
0: 0.023746 

-- topic: 3 
3: 0.326942 
2: 0.282522 
4: 0.217757 
0: 0.091536 
1: 0.081243 

-- topic: 4 
3: 0.324841 
4: 0.306427 
2: 0.289238 
1: 0.050911 
0: 0.028583 

-- topic: 5 
3: 0.354658 
4: 0.314788 
2: 0.238114 
1: 0.059806 
0: 0.032634 

-- topic: 6 
0: 0.535864 
1: 0.346294 
3: 0.060928 
2: 0.038869 
4: 0.018044 

-- topic: 7 
3: 0.364743 
2: 0.291813 
4: 0.260560 
1: 0.062984 
0: 0.019900 

-- topic: 8 
0: 0.562914 
1: 0.344153 
3: 0.062679 
2: 0.016936 
4: 0.013316 

-- topic: 9 
0: 0.400712 
1: 0.307094 
3: 0.169428 
2: 0.070477 
4: 0.052288 

======================================

              priod8

======================================

-- topic: 0 
4: 0.417696 
3: 0.296294 
2: 0.224914 
1: 0.038434 
0: 0.022661 

-- topic: 1 
4: 0.433184 
3: 0.316858 
2: 0.194309 
1: 0.037178 
0: 0.018471 

-- topic: 2 
3: 0.366646 
4: 0.333002 
2: 0.215638 
1: 0.061013 
0: 0.023701 

-- topic: 3 
4: 0.345452 
3: 0.316294 
2: 0.240704 
1: 0.070078 
0: 0.027472 

-- topic: 4 
4: 0.378702 
2: 0.290074 
3: 0.275434 
1: 0.042388 
0: 0.013403 

-- topic: 5 
4: 0.386912 
3: 0.360492 
2: 0.190396 
1: 0.046923 
0: 0.015277 

-- topic: 6 
0: 0.524471 
1: 0.295144 
3: 0.079418 
2: 0.053314 
4: 0.047653 

-- topic: 7 
4: 0.404645 
3: 0.298983 
2: 0.265969 
1: 0.016065 
0: 0.014339 

-- topic: 8 
0: 0.570810 
1: 0.314718 
3: 0.066959 
2: 0.027559 
4: 0.019954 

-- topic: 9 
0: 0.373909 
1: 0.314312 
3: 0.132054 
4: 0.090303 
2: 0.089423 

======================================

              priod9

======================================

-- topic: 0 
4: 0.418620 
3: 0.294212 
2: 0.227117 
1: 0.038168 
======================================

              priod0

======================================

-- topic: 0 
4: 0.487262 
3: 0.309925 
2: 0.202747 
1: 0.000033 
0: 0.000033 

-- topic: 1 
0: 0.299573 
1: 0.256961 
3: 0.238264 
2: 0.172172 
4: 0.033030 

-- topic: 2 
4: 0.347634 
2: 0.324712 
3: 0.314799 
1: 0.012778 
0: 0.000077 

-- topic: 3 
1: 0.470484 
0: 0.353315 
3: 0.118978 
2: 0.031220 
4: 0.026002 

-- topic: 4 
3: 0.431334 
4: 0.363773 
2: 0.204826 
1: 0.000034 
0: 0.000034 

======================================

              priod1

======================================

-- topic: 0 
2: 0.361897 
3: 0.309569 
4: 0.308558 
1: 0.016187 
0: 0.003789 

-- topic: 1 
1: 0.393738 
0: 0.268227 
3: 0.171257 
2: 0.094673 
4: 0.072104 

-- topic: 2 
3: 0.339435 
4: 0.312917 
2: 0.312004 
1: 0.030238 
0: 0.005406 

-- topic: 3 
1: 0.393474 
0: 0.353075 
3: 0.146815 
2: 0.084638 
4: 0.021999 

-- topic: 4 
3: 0.366106 
2: 0.325986 
4: 0.260944 
1: 0.042628 
0: 0.004335 

======================================

              priod2

======================================

-- topic: 0 
4: 0.347562 
3: 0.323048 
2: 0.292396 
1: 0.028682 
0: 0.008312 

-- topic: 1 
0: 0.258926 
1: 0.250660 
3: 0.248581 
4: 0.130338 
2: 0.111494 

-- topic: 2 
4: 0.360101 
3: 0.313982 
2: 0.278403 
1: 0.041675 
0: 0.005840 

-- topic: 3 
0: 0.355034 
1: 0.339375 
3: 0.186856 
2: 0.077255 
4: 0.041479 

-- topic: 4 
3: 0.381489 
2: 0.293471 
4: 0.286126 
1: 0.028915 
0: 0.009999 

======================================

              priod3

======================================

-- topic: 0 
4: 0.508155 
3: 0.294630 
2: 0.142877 
1: 0.038196 
0: 0.016143 

-- topic: 1 
0: 0.384019 
1: 0.270956 
3: 0.154966 
4: 0.133300 
2: 0.056760 

-- topic: 2 
4: 0.486949 
3: 0.320340 
2: 0.154853 
1: 0.028774 
0: 0.009083 

-- topic: 3 
0: 0.474668 
1: 0.355973 
3: 0.111128 
4: 0.039383 
2: 0.018848 

-- topic: 4 
4: 0.444600 
3: 0.391329 
2: 0.119873 
1: 0.034450 
0: 0.009747 

======================================

              priod4

======================================

-- topic: 0 
4: 0.476264 
3: 0.342412 
2: 0.116805 
1: 0.034132 
0: 0.030388 

-- topic: 1 
0: 0.487457 
1: 0.242667 
3: 0.132147 
4: 0.084299 
2: 0.053430 

-- topic: 2 
4: 0.425351 
3: 0.318970 
2: 0.167347 
0: 0.044360 
1: 0.043972 

-- topic: 3 
0: 0.639769 
1: 0.251921 
3: 0.067563 
4: 0.026454 
2: 0.014293 

-- topic: 4 
4: 0.483828 
3: 0.337609 
2: 0.106736 
0: 0.038235 
1: 0.033592 

======================================

              priod5

======================================

-- topic: 0 
4: 0.490402 
3: 0.321080 
2: 0.138262 
1: 0.032299 
0: 0.017957 

-- topic: 1 
0: 0.446294 
1: 0.266885 
3: 0.127546 
4: 0.087629 
2: 0.071645 

-- topic: 2 
4: 0.443416 
3: 0.309706 
2: 0.179239 
1: 0.038362 
0: 0.029277 

-- topic: 3 
0: 0.494830 
1: 0.331373 
3: 0.094373 
4: 0.051902 
2: 0.027522 

-- topic: 4 
4: 0.444256 
3: 0.346040 
2: 0.149481 
1: 0.039917 
0: 0.020305 

======================================

              priod6

======================================

-- topic: 0 
4: 0.401380 
3: 0.358981 
2: 0.173798 
1: 0.046590 
0: 0.019250 

-- topic: 1 
0: 0.350220 
1: 0.280763 
3: 0.200365 
2: 0.086855 
4: 0.081796 

-- topic: 2 
4: 0.373737 
3: 0.364460 
2: 0.195736 
1: 0.048927 
0: 0.017140 

-- topic: 3 
0: 0.512105 
1: 0.340575 
3: 0.091461 
4: 0.034005 
2: 0.021854 

-- topic: 4 
3: 0.366211 
4: 0.361504 
2: 0.215221 
1: 0.041501 
0: 0.015563 

======================================

              priod7

======================================

-- topic: 0 
3: 0.330360 
4: 0.299791 
2: 0.286304 
1: 0.050774 
0: 0.032770 

-- topic: 1 
0: 0.405755 
1: 0.296462 
3: 0.150724 
4: 0.075723 
2: 0.071336 

-- topic: 2 
3: 0.354726 
4: 0.297863 
2: 0.266174 
1: 0.056548 
0: 0.024689 

-- topic: 3 
0: 0.510382 
1: 0.316611 
3: 0.099730 
2: 0.049616 
4: 0.023661 

-- topic: 4 
3: 0.334320 
4: 0.311299 
2: 0.239423 
1: 0.080311 
0: 0.034647 

======================================

              priod8

======================================

-- topic: 0 
4: 0.411507 
3: 0.308664 
2: 0.228267 
1: 0.039485 
0: 0.012078 

-- topic: 1 
0: 0.419346 
1: 0.262221 
3: 0.139436 
2: 0.092810 
4: 0.086187 

-- topic: 2 
4: 0.411895 
3: 0.304512 
2: 0.228035 
1: 0.035256 
0: 0.020302 

-- topic: 3 
0: 0.451830 
1: 0.301576 
3: 0.131171 
2: 0.058442 
4: 0.056981 

-- topic: 4 
4: 0.385061 
3: 0.314452 
2: 0.248555 
1: 0.035926 
0: 0.016006 

======================================

              priod9

======================================

-- topic: 0 
4: 0.424841 
3: 0.299720 
2: 0.238878 
1: 0.024829 
0: 0.011732 

-- topic: 1 
0: 0.309351 
1: 0.254523 
3: 0.182072 
4: 0.131708 
2: 0.122345 

-- topic: 2 
4: 0.399000 
2: 0.277481 
3: 0.276246 
1: 0.029039 
0: 0.018235 

-- topic: 3 
0: 0.452023 
1: 0.301802 
3: 0.130796 
2: 0.058376 
4: 0.057004 

-- topic: 4 
4: 0.417123 
3: 0.278219 
2: 0.263306 
1: 0.031049 
0: 0.010304 

======================================

              priod10

======================================

-- topic: 0 
4: 0.341402 
3: 0.311732 
2: 0.284278 
1: 0.049631 
0: 0.012958 

-- topic: 1 
0: 0.320780 
1: 0.283856 
3: 0.171594 
2: 0.131443 
4: 0.092327 

-- topic: 2 
4: 0.335763 
3: 0.321268 
2: 0.287313 
1: 0.039898 
0: 0.015758 

-- topic: 3 
0: 0.422432 
1: 0.353468 
3: 0.131855 
2: 0.051210 
4: 0.041035 

-- topic: 4 
3: 0.359971 
4: 0.306325 
2: 0.271030 
1: 0.049528 
0: 0.013145 

======================================

              priod11

======================================

-- topic: 0 
4: 0.344279 
3: 0.306522 
2: 0.286908 
1: 0.047536 
0: 0.014756 

-- topic: 1 
0: 0.362779 
1: 0.266464 
3: 0.151209 
2: 0.138497 
4: 0.081051 

-- topic: 2 
4: 0.335062 
3: 0.321028 
2: 0.288112 
1: 0.040042 
0: 0.015756 

-- topic: 3 
0: 0.443761 
1: 0.339898 
3: 0.120729 
2: 0.055576 
4: 0.040036 

-- topic: 4 
4: 0.333751 
3: 0.304436 
2: 0.287960 
1: 0.051608 
0: 0.022245 
computation time : 0day, 0hour, 37minute, 55second

======================================

              priod0

======================================

-- topic: 0 
3: 0.486948 
4: 0.241382 
2: 0.155896 
1: 0.073677 
0: 0.042097 

-- topic: 1 
0: 0.596533 
1: 0.403399 
3: 0.000023 
4: 0.000023 
2: 0.000023 

-- topic: 2 
3: 0.375041 
1: 0.268046 
4: 0.161052 
0: 0.133879 
2: 0.061983 

-- topic: 3 
4: 0.506642 
3: 0.314506 
2: 0.177196 
1: 0.001556 
0: 0.000101 

-- topic: 4 
4: 0.417035 
2: 0.329713 
3: 0.253163 
1: 0.000044 
0: 0.000044 

-- topic: 5 
4: 0.425040 
3: 0.302578 
2: 0.272282 
1: 0.000050 
0: 0.000050 

-- topic: 6 
3: 0.376734 
2: 0.324443 
1: 0.149610 
4: 0.127426 
0: 0.021787 

======================================

              priod1

======================================

-- topic: 0 
3: 0.403116 
2: 0.293994 
4: 0.238151 
1: 0.049159 
0: 0.015580 

-- topic: 1 
1: 0.486718 
0: 0.436164 
3: 0.061812 
2: 0.012363 
4: 0.002944 

-- topic: 2 
1: 0.267278 
3: 0.262299 
0: 0.185575 
2: 0.170780 
4: 0.114068 

-- topic: 3 
4: 0.342795 
2: 0.323964 
3: 0.302785 
1: 0.024477 
0: 0.005979 

-- topic: 4 
2: 0.415190 
3: 0.267123 
4: 0.245987 
1: 0.063574 
0: 0.008126 

-- topic: 5 
4: 0.362866 
3: 0.316288 
2: 0.298417 
1: 0.020897 
0: 0.001531 

-- topic: 6 
3: 0.377000 
2: 0.247273 
4: 0.192340 
1: 0.110170 
0: 0.073216 

======================================

              priod2

======================================

-- topic: 0 
3: 0.317664 
4: 0.308872 
2: 0.299260 
1: 0.054827 
0: 0.019377 

-- topic: 1 
0: 0.499843 
1: 0.401210 
3: 0.072596 
2: 0.015784 
4: 0.010566 

-- topic: 2 
3: 0.271455 
1: 0.217509 
2: 0.183487 
4: 0.165914 
0: 0.161636 

-- topic: 3 
4: 0.412383 
3: 0.373896 
2: 0.183258 
1: 0.027654 
0: 0.002809 

-- topic: 4 
2: 0.364055 
3: 0.316939 
4: 0.261875 
1: 0.047408 
0: 0.009723 

-- topic: 5 
4: 0.372534 
3: 0.347083 
2: 0.242047 
1: 0.025292 
0: 0.013044 

-- topic: 6 
3: 0.375831 
2: 0.275488 
4: 0.256406 
1: 0.066443 
0: 0.025833 

======================================

              priod3

======================================

-- topic: 0 
4: 0.470026 
3: 0.257831 
2: 0.183191 
1: 0.060034 
0: 0.028919 

-- topic: 1 
0: 0.583244 
1: 0.381115 
3: 0.026054 
4: 0.009133 
2: 0.000454 

-- topic: 2 
3: 0.272534 
4: 0.265782 
1: 0.200227 
0: 0.200112 
2: 0.061347 

-- topic: 3 
4: 0.512823 
3: 0.349189 
2: 0.118281 
1: 0.016846 
0: 0.002860 

-- topic: 4 
4: 0.434847 
3: 0.358743 
2: 0.146528 
1: 0.043935 
0: 0.015947 

-- topic: 5 
4: 0.550475 
3: 0.321562 
2: 0.095841 
1: 0.019607 
0: 0.012515 

-- topic: 6 
3: 0.387241 
4: 0.310717 
2: 0.191102 
1: 0.069695 
0: 0.041245 

======================================

              priod4

======================================

-- topic: 0 
4: 0.408217 
3: 0.357269 
2: 0.115646 
0: 0.060880 
1: 0.057988 

-- topic: 1 
0: 0.685595 
1: 0.261467 
3: 0.035641 
2: 0.008818 
4: 0.008480 

-- topic: 2 
0: 0.426435 
1: 0.234461 
3: 0.185127 
4: 0.117338 
2: 0.036639 

-- topic: 3 
4: 0.457319 
3: 0.314829 
2: 0.132336 
0: 0.056668 
1: 0.038848 

-- topic: 4 
4: 0.449981 
3: 0.309792 
2: 0.161422 
1: 0.040886 
0: 0.037919 

-- topic: 5 
4: 0.524203 
3: 0.322477 
2: 0.091612 
1: 0.030969 
0: 0.030739 

-- topic: 6 
4: 0.318861 
3: 0.289910 
0: 0.160229 
2: 0.146036 
1: 0.084964 

======================================

              priod5

======================================

-- topic: 0 
4: 0.425034 
3: 0.342499 
2: 0.148465 
1: 0.054392 
0: 0.029610 

-- topic: 1 
0: 0.600703 
1: 0.340384 
3: 0.039510 
2: 0.010026 
4: 0.009377 

-- topic: 2 
0: 0.334917 
1: 0.259872 
3: 0.180468 
4: 0.157543 
2: 0.067200 

-- topic: 3 
4: 0.453599 
3: 0.320001 
2: 0.173551 
1: 0.030556 
0: 0.022294 

-- topic: 4 
4: 0.443431 
3: 0.316294 
2: 0.163636 
1: 0.040868 
0: 0.035772 

-- topic: 5 
4: 0.497624 
3: 0.296199 
2: 0.147754 
0: 0.030961 
1: 0.027462 

-- topic: 6 
4: 0.373054 
3: 0.292639 
2: 0.140803 
0: 0.099463 
1: 0.094041 

======================================

              priod6

======================================

-- topic: 0 
3: 0.368381 
4: 0.306126 
2: 0.199182 
1: 0.086346 
0: 0.039965 

-- topic: 1 
0: 0.566504 
1: 0.361222 
3: 0.054355 
2: 0.010300 
4: 0.007620 

-- topic: 2 
0: 0.300356 
1: 0.242191 
3: 0.220815 
4: 0.147343 
2: 0.089295 

-- topic: 3 
4: 0.429093 
3: 0.349798 
2: 0.168042 
1: 0.037454 
0: 0.015612 

-- topic: 4 
3: 0.381684 
4: 0.348401 
2: 0.200267 
1: 0.041256 
0: 0.028392 

-- topic: 5 
4: 0.396786 
3: 0.360671 
2: 0.178747 
1: 0.042815 
0: 0.020981 

-- topic: 6 
3: 0.327148 
4: 0.316015 
2: 0.210936 
1: 0.087182 
0: 0.058719 

======================================

              priod7

======================================

-- topic: 0 
3: 0.313207 
4: 0.259864 
2: 0.256777 
1: 0.088416 
0: 0.081735 

-- topic: 1 
0: 0.567312 
1: 0.359612 
3: 0.054535 
2: 0.010980 
4: 0.007562 

-- topic: 2 
0: 0.298212 
1: 0.265678 
3: 0.187312 
2: 0.137259 
4: 0.111539 

-- topic: 3 
3: 0.336947 
4: 0.335672 
2: 0.221503 
1: 0.062780 
0: 0.043098 

-- topic: 4 
3: 0.358940 
2: 0.283344 
4: 0.269825 
1: 0.050064 
0: 0.037827 

-- topic: 5 
3: 0.355345 
4: 0.325235 
2: 0.242061 
1: 0.060575 
0: 0.016784 

-- topic: 6 
3: 0.310441 
4: 0.263664 
2: 0.238822 
1: 0.095494 
0: 0.091579 

======================================

              priod8

======================================

-- topic: 0 
4: 0.413746 
3: 0.271029 
2: 0.253822 
1: 0.038713 
0: 0.022690 

-- topic: 1 
0: 0.569232 
1: 0.334880 
3: 0.057926 
4: 0.020590 
2: 0.017372 

-- topic: 2 
0: 0.295175 
1: 0.226444 
3: 0.196680 
4: 0.147820 
2: 0.133881 

-- topic: 3 
4: 0.421781 
3: 0.311279 
2: 0.226729 
1: 0.032257 
0: 0.007954 

-- topic: 4 
4: 0.372635 
3: 0.331329 
2: 0.245576 
1: 0.032729 
0: 0.017731 

-- topic: 5 
4: 0.404271 
3: 0.327875 
2: 0.217541 
0: 0.025812 
1: 0.024501 

-- topic: 6 
4: 0.315786 
3: 0.297450 
2: 0.227000 
1: 0.099036 
0: 0.060728 

======================================

              priod9

======================================

-- topic: 0 
4: 0.413569 
3: 0.274654 
2: 0.252145 
1: 0.039519 
0: 0.020113 

-- topic: 1 
0: 0.536397 
1: 0.361659 
3: 0.069644 
4: 0.017953 
2: 0.014347 

-- topic: 2 
0: 0.265528 
4: 0.232722 
1: 0.194652 
3: 0.176644 
2: 0.130453 

-- topic: 3 
4: 0.443267 
3: 0.294824 
2: 0.220615 
1: 0.026642 
0: 0.014651 

-- topic: 4 
4: 0.386611 
2: 0.292726 
3: 0.283585 
1: 0.024849 
0: 0.012229 

-- topic: 5 
4: 0.398235 
3: 0.297266 
2: 0.273368 
1: 0.021535 
0: 0.009596 

-- topic: 6 
4: 0.335904 
3: 0.288589 
2: 0.281777 
1: 0.053911 
0: 0.039818 

======================================

              priod10

======================================

-- topic: 0 
3: 0.334634 
4: 0.295721 
2: 0.290284 
1: 0.062146 
0: 0.017216 

-- topic: 1 
0: 0.498142 
1: 0.386235 
3: 0.069887 
2: 0.034369 
4: 0.011368 

-- topic: 2 
0: 0.264852 
1: 0.253645 
3: 0.206994 
2: 0.150533 
4: 0.123977 

-- topic: 3 
4: 0.382967 
3: 0.319361 
2: 0.234777 
1: 0.048082 
0: 0.014812 

-- topic: 4 
3: 0.324154 
2: 0.316606 
4: 0.287747 
1: 0.054313 
0: 0.017180 

-- topic: 5 
4: 0.359486 
3: 0.330417 
2: 0.254180 
1: 0.035657 
0: 0.020259 

-- topic: 6 
3: 0.330857 
2: 0.260173 
4: 0.259429 
1: 0.093485 
0: 0.056056 

======================================

              priod11

======================================

-- topic: 0 
4: 0.315890 
2: 0.306012 
3: 0.296207 
1: 0.052728 
0: 0.029163 

-- topic: 1 
0: 0.539450 
1: 0.357199 
3: 0.064115 
2: 0.024534 
4: 0.014703 

-- topic: 2 
0: 0.284549 
1: 0.254730 
3: 0.211670 
2: 0.136659 
4: 0.112392 

-- topic: 3 
4: 0.366717 
3: 0.315981 
2: 0.265100 
1: 0.036110 
0: 0.016093 

-- topic: 4 
4: 0.322932 
2: 0.322532 
3: 0.271350 
1: 0.049472 
0: 0.033713 

-- topic: 5 
4: 0.329501 
3: 0.309440 
2: 0.287676 
1: 0.052820 
0: 0.020563 

-- topic: 6 
3: 0.317532 
2: 0.268097 
4: 0.263177 
1: 0.093949 
0: 0.057245 
computation time : 0day, 0hour, 40minute, 4second

0: 0.021883 

-- topic: 1 
4: 0.466171 
3: 0.271615 
2: 0.225881 
1: 0.021518 
0: 0.014816 

-- topic: 2 
4: 0.395452 
3: 0.290350 
2: 0.269942 
1: 0.030526 
0: 0.013730 

-- topic: 3 
4: 0.323378 
2: 0.310163 
3: 0.283159 
1: 0.050602 
0: 0.032698 

-- topic: 4 
4: 0.401167 
3: 0.288746 
2: 0.263828 
1: 0.035576 
0: 0.010683 

-- topic: 5 
4: 0.464671 
3: 0.282913 
2: 0.223700 
1: 0.022117 
0: 0.006599 

-- topic: 6 
0: 0.494261 
1: 0.327476 
3: 0.089298 
2: 0.050490 
4: 0.038476 

-- topic: 7 
4: 0.399269 
3: 0.297675 
2: 0.271214 
1: 0.017458 
0: 0.014383 

-- topic: 8 
0: 0.562730 
1: 0.316537 
3: 0.075256 
2: 0.025734 
4: 0.019742 

-- topic: 9 
1: 0.289063 
0: 0.264553 
3: 0.201125 
2: 0.124426 
4: 0.120833 

======================================

              priod10

======================================

-- topic: 0 
4: 0.335448 
3: 0.310225 
2: 0.296290 
1: 0.039124 
0: 0.018913 

-- topic: 1 
4: 0.374770 
3: 0.308001 
2: 0.248662 
1: 0.049421 
0: 0.019146 

-- topic: 2 
3: 0.339088 
4: 0.303417 
2: 0.298954 
1: 0.044866 
0: 0.013675 

-- topic: 3 
3: 0.333330 
4: 0.277421 
2: 0.274039 
1: 0.076564 
0: 0.038646 

-- topic: 4 
4: 0.352724 
3: 0.317631 
2: 0.281536 
1: 0.036290 
0: 0.011819 

-- topic: 5 
3: 0.345527 
4: 0.332320 
2: 0.261566 
1: 0.048839 
0: 0.011748 

-- topic: 6 
0: 0.486723 
1: 0.360267 
3: 0.094759 
2: 0.035057 
4: 0.023193 

-- topic: 7 
3: 0.341076 
2: 0.292017 
4: 0.288519 
1: 0.058965 
0: 0.019423 

-- topic: 8 
0: 0.506457 
1: 0.379985 
3: 0.070824 
2: 0.026484 
4: 0.016249 

-- topic: 9 
1: 0.320790 
0: 0.269041 
3: 0.206956 
2: 0.116073 
4: 0.087140 

======================================

              priod11

======================================

-- topic: 0 
3: 0.321749 
4: 0.309884 
2: 0.296718 
1: 0.048123 
0: 0.023526 

-- topic: 1 
4: 0.352648 
3: 0.300241 
2: 0.276902 
1: 0.050122 
0: 0.020089 

-- topic: 2 
4: 0.389698 
3: 0.288607 
2: 0.257256 
1: 0.044147 
0: 0.020293 

-- topic: 3 
3: 0.333569 
4: 0.277072 
2: 0.274370 
1: 0.076313 
0: 0.038676 

-- topic: 4 
4: 0.352442 
3: 0.318099 
2: 0.281420 
1: 0.036295 
0: 0.011744 

-- topic: 5 
4: 0.337408 
2: 0.314492 
3: 0.277014 
1: 0.041567 
0: 0.029519 

-- topic: 6 
0: 0.484677 
1: 0.357418 
3: 0.098390 
2: 0.035240 
4: 0.024275 

-- topic: 7 
2: 0.334874 
4: 0.301355 
3: 0.287771 
1: 0.048763 
0: 0.027237 

-- topic: 8 
0: 0.526798 
1: 0.363369 
3: 0.067437 
2: 0.028609 
4: 0.013786 

-- topic: 9 
0: 0.349263 
1: 0.311270 
3: 0.141256 
2: 0.126677 
4: 0.071534 
computation time : 0day, 0hour, 42minute, 6second
